<?xml version="1.0" encoding="UTF-8"?>
<!-- Generated by org.testng.reporters.JUnitReportReporter -->
<testsuite hostname="Aksharay" failures="0" tests="1" name="testcase1.java" time="0.011" errors="0" timestamp="2025-01-25T14:22:47 IST" skipped="0">
  <testcase classname="testcase1.java" name="a" time="0.011"/>
</testsuite> <!-- testcase1.java -->
