<?xml version="1.0" encoding="UTF-8"?>
<!-- Generated by org.testng.reporters.JUnitReportReporter -->
<testsuite hostname="Aksharay" failures="0" tests="1" name="Learning.day2" time="3.601" errors="0" timestamp="2025-02-03T19:38:02 IST" skipped="0">
  <testcase classname="Learning.day2" name="a" time="3.601"/>
</testsuite> <!-- Learning.day2 -->
