<?xml version="1.0" encoding="UTF-8"?>
<!-- Generated by org.testng.reporters.JUnitReportReporter -->
<testsuite hostname="Aksharay" failures="0" tests="5" name="com.testng.selenium.PriceLabsAutomation.tests.LoginTest" time="83.571" errors="0" timestamp="2024-07-21T23:23:05 IST" skipped="0">
  <testcase classname="com.testng.selenium.PriceLabsAutomation.tests.LoginTest" name="testLogin" time="42.355"/>
  <testcase classname="com.testng.selenium.PriceLabsAutomation.tests.LoginTest" name="testLisitingsPopup" time="12.273"/>
  <testcase classname="com.testng.selenium.PriceLabsAutomation.tests.LoginTest" name="testmanageListingsDropdown" time="11.762"/>
  <testcase classname="com.testng.selenium.PriceLabsAutomation.tests.LoginTest" name="clickOnPriceLabsLogoTest" time="15.487"/>
  <testcase classname="com.testng.selenium.PriceLabsAutomation.tests.LoginTest" name="clickOnReviewPricestest" time="1.694"/>
</testsuite> <!-- com.testng.selenium.PriceLabsAutomation.tests.LoginTest -->
